<?xml version="1.0" encoding="UTF-8"?>
<!-- Generated by org.testng.reporters.JUnitReportReporter -->
<testsuite hostname="LAPTOP-V1IEMLE7" failures="0" tests="4" name="RestPackage01.HttpRequests" time="8.707" errors="0" timestamp="2023-07-30T13:48:13 IST" skipped="0">
  <testcase classname="RestPackage01.HttpRequests" name="getUsers" time="6.077"/>
  <system-out/>
  <testcase classname="RestPackage01.HttpRequests" name="createUser" time="1.498"/>
  <system-out/>
  <testcase classname="RestPackage01.HttpRequests" name="updateUser" time="0.593"/>
  <system-out/>
  <testcase classname="RestPackage01.HttpRequests" name="deleteUser" time="0.539"/>
  <system-out/>
</testsuite> <!-- RestPackage01.HttpRequests -->
