<?xml version="1.0" encoding="UTF-8"?>
<!-- Generated by org.testng.reporters.JUnitReportReporter -->
<testsuite hostname="LAPTOP-V1IEMLE7" failures="0" tests="2" name="RestPackage02.DiffrentWaysToCreatePostRequestBody" time="4.387" errors="0" timestamp="2023-08-02T14:39:32 IST" skipped="0">
  <testcase classname="RestPackage02.DiffrentWaysToCreatePostRequestBody" name="testPostUserUsingExternalJsonFile" time="4.266"/>
  <system-out/>
  <testcase classname="RestPackage02.DiffrentWaysToCreatePostRequestBody" name="deletePostuser" time="0.121"/>
  <system-out/>
</testsuite> <!-- RestPackage02.DiffrentWaysToCreatePostRequestBody -->
